Unable to init server: Could not connect: Connection refused
Unable to init server: Could not connect: Connection refused

(main.py:25781): Gdk-CRITICAL **: 16:01:01.133: gdk_cursor_new_for_display: assertion 'GDK_IS_DISPLAY (display)' failed

(main.py:25781): Gdk-CRITICAL **: 16:01:01.134: gdk_cursor_new_for_display: assertion 'GDK_IS_DISPLAY (display)' failed
WARNING:tensorflow:From /home/bruno97br/.local/lib/python3.7/site-packages/tensorflow/python/ops/init_ops.py:1251: calling VarianceScaling.__init__ (from tensorflow.python.ops.init_ops) with dtype is deprecated and will be removed in a future version.
Instructions for updating:
Call initializer instance with the dtype argument instead of passing it to the constructor
WARNING:tensorflow:Large dropout rate: 0.6 (>0.5). In TensorFlow 2.x, dropout() uses dropout rate instead of keep_prob. Please ensure that this is intended.
2020-07-29 16:01:03.886846: I tensorflow/core/platform/cpu_feature_guard.cc:142] Your CPU supports instructions that this TensorFlow binary was not compiled to use: AVX2 FMA
2020-07-29 16:01:03.892098: I tensorflow/core/platform/profile_utils/cpu_utils.cc:94] CPU Frequency: 2200000000 Hz
2020-07-29 16:01:03.892396: I tensorflow/compiler/xla/service/service.cc:168] XLA service 0x1626e10 executing computations on platform Host. Devices:
2020-07-29 16:01:03.892431: I tensorflow/compiler/xla/service/service.cc:175]   StreamExecutor device (0): <undefined>, <undefined>
2020-07-29 16:01:03.933818: W tensorflow/compiler/jit/mark_for_compilation_pass.cc:1412] (One-time warning): Not using XLA:CPU for cluster because envvar TF_XLA_FLAGS=--tf_xla_cpu_global_jit was not set.  If you want XLA:CPU, either set that envvar, or use experimental_jit_scope to enable XLA:CPU.  To confirm that XLA is active, pass --vmodule=xla_compilation_cache=1 (as a proper command-line flag, not via TF_XLA_FLAGS) or set the envvar XLA_FLAGS=--xla_hlo_profile.
2020-07-29 16:01:04.142903: W tensorflow/core/framework/allocator.cc:107] Allocation of 151142400 exceeds 10% of system memory.
2020-07-29 16:01:04.332541: W tensorflow/core/framework/allocator.cc:107] Allocation of 151142400 exceeds 10% of system memory.
2020-07-29 16:01:04.499208: W tensorflow/core/framework/allocator.cc:107] Allocation of 151142400 exceeds 10% of system memory.
2020-07-29 16:01:04.664060: W tensorflow/core/framework/allocator.cc:107] Allocation of 151142400 exceeds 10% of system memory.
2020-07-29 16:01:04.828322: W tensorflow/core/framework/allocator.cc:107] Allocation of 151142400 exceeds 10% of system memory.
Unable to init server: Could not connect: Connection refused
Unable to init server: Could not connect: Connection refused

(main.py:25821): Gdk-CRITICAL **: 16:10:02.431: gdk_cursor_new_for_display: assertion 'GDK_IS_DISPLAY (display)' failed

(main.py:25821): Gdk-CRITICAL **: 16:10:02.432: gdk_cursor_new_for_display: assertion 'GDK_IS_DISPLAY (display)' failed
WARNING:tensorflow:From /home/bruno97br/.local/lib/python3.7/site-packages/tensorflow/python/ops/init_ops.py:1251: calling VarianceScaling.__init__ (from tensorflow.python.ops.init_ops) with dtype is deprecated and will be removed in a future version.
Instructions for updating:
Call initializer instance with the dtype argument instead of passing it to the constructor
WARNING:tensorflow:Large dropout rate: 0.6 (>0.5). In TensorFlow 2.x, dropout() uses dropout rate instead of keep_prob. Please ensure that this is intended.
2020-07-29 16:10:05.216785: I tensorflow/core/platform/cpu_feature_guard.cc:142] Your CPU supports instructions that this TensorFlow binary was not compiled to use: AVX2 FMA
2020-07-29 16:10:05.222421: I tensorflow/core/platform/profile_utils/cpu_utils.cc:94] CPU Frequency: 2200000000 Hz
2020-07-29 16:10:05.222793: I tensorflow/compiler/xla/service/service.cc:168] XLA service 0x2fc0170 executing computations on platform Host. Devices:
2020-07-29 16:10:05.222830: I tensorflow/compiler/xla/service/service.cc:175]   StreamExecutor device (0): <undefined>, <undefined>
2020-07-29 16:10:05.265060: W tensorflow/compiler/jit/mark_for_compilation_pass.cc:1412] (One-time warning): Not using XLA:CPU for cluster because envvar TF_XLA_FLAGS=--tf_xla_cpu_global_jit was not set.  If you want XLA:CPU, either set that envvar, or use experimental_jit_scope to enable XLA:CPU.  To confirm that XLA is active, pass --vmodule=xla_compilation_cache=1 (as a proper command-line flag, not via TF_XLA_FLAGS) or set the envvar XLA_FLAGS=--xla_hlo_profile.
2020-07-29 16:10:05.474306: W tensorflow/core/framework/allocator.cc:107] Allocation of 151142400 exceeds 10% of system memory.
2020-07-29 16:10:05.662656: W tensorflow/core/framework/allocator.cc:107] Allocation of 151142400 exceeds 10% of system memory.
2020-07-29 16:10:05.827834: W tensorflow/core/framework/allocator.cc:107] Allocation of 151142400 exceeds 10% of system memory.
2020-07-29 16:10:05.993416: W tensorflow/core/framework/allocator.cc:107] Allocation of 151142400 exceeds 10% of system memory.
2020-07-29 16:10:06.160559: W tensorflow/core/framework/allocator.cc:107] Allocation of 151142400 exceeds 10% of system memory.
Unable to init server: Could not connect: Connection refused
Unable to init server: Could not connect: Connection refused

(main.py:25952): Gdk-CRITICAL **: 16:19:06.037: gdk_cursor_new_for_display: assertion 'GDK_IS_DISPLAY (display)' failed

(main.py:25952): Gdk-CRITICAL **: 16:19:06.038: gdk_cursor_new_for_display: assertion 'GDK_IS_DISPLAY (display)' failed
WARNING:tensorflow:From /home/bruno97br/.local/lib/python3.7/site-packages/tensorflow/python/ops/init_ops.py:1251: calling VarianceScaling.__init__ (from tensorflow.python.ops.init_ops) with dtype is deprecated and will be removed in a future version.
Instructions for updating:
Call initializer instance with the dtype argument instead of passing it to the constructor
WARNING:tensorflow:Large dropout rate: 0.6 (>0.5). In TensorFlow 2.x, dropout() uses dropout rate instead of keep_prob. Please ensure that this is intended.
2020-07-29 16:19:09.207985: I tensorflow/core/platform/cpu_feature_guard.cc:142] Your CPU supports instructions that this TensorFlow binary was not compiled to use: AVX2 FMA
2020-07-29 16:19:09.214046: I tensorflow/core/platform/profile_utils/cpu_utils.cc:94] CPU Frequency: 2200000000 Hz
2020-07-29 16:19:09.214354: I tensorflow/compiler/xla/service/service.cc:168] XLA service 0x12ecc80 executing computations on platform Host. Devices:
2020-07-29 16:19:09.214394: I tensorflow/compiler/xla/service/service.cc:175]   StreamExecutor device (0): <undefined>, <undefined>
2020-07-29 16:19:09.255003: W tensorflow/compiler/jit/mark_for_compilation_pass.cc:1412] (One-time warning): Not using XLA:CPU for cluster because envvar TF_XLA_FLAGS=--tf_xla_cpu_global_jit was not set.  If you want XLA:CPU, either set that envvar, or use experimental_jit_scope to enable XLA:CPU.  To confirm that XLA is active, pass --vmodule=xla_compilation_cache=1 (as a proper command-line flag, not via TF_XLA_FLAGS) or set the envvar XLA_FLAGS=--xla_hlo_profile.
2020-07-29 16:19:09.466904: W tensorflow/core/framework/allocator.cc:107] Allocation of 151142400 exceeds 10% of system memory.
2020-07-29 16:19:09.656366: W tensorflow/core/framework/allocator.cc:107] Allocation of 151142400 exceeds 10% of system memory.
2020-07-29 16:19:09.821657: W tensorflow/core/framework/allocator.cc:107] Allocation of 151142400 exceeds 10% of system memory.
2020-07-29 16:19:09.987364: W tensorflow/core/framework/allocator.cc:107] Allocation of 151142400 exceeds 10% of system memory.
2020-07-29 16:19:10.152073: W tensorflow/core/framework/allocator.cc:107] Allocation of 151142400 exceeds 10% of system memory.
Unable to init server: Could not connect: Connection refused
Unable to init server: Could not connect: Connection refused

(main.py:26000): Gdk-CRITICAL **: 16:28:08.381: gdk_cursor_new_for_display: assertion 'GDK_IS_DISPLAY (display)' failed

(main.py:26000): Gdk-CRITICAL **: 16:28:08.382: gdk_cursor_new_for_display: assertion 'GDK_IS_DISPLAY (display)' failed
WARNING:tensorflow:From /home/bruno97br/.local/lib/python3.7/site-packages/tensorflow/python/ops/init_ops.py:1251: calling VarianceScaling.__init__ (from tensorflow.python.ops.init_ops) with dtype is deprecated and will be removed in a future version.
Instructions for updating:
Call initializer instance with the dtype argument instead of passing it to the constructor
WARNING:tensorflow:Large dropout rate: 0.6 (>0.5). In TensorFlow 2.x, dropout() uses dropout rate instead of keep_prob. Please ensure that this is intended.
2020-07-29 16:28:11.128941: I tensorflow/core/platform/cpu_feature_guard.cc:142] Your CPU supports instructions that this TensorFlow binary was not compiled to use: AVX2 FMA
2020-07-29 16:28:11.134294: I tensorflow/core/platform/profile_utils/cpu_utils.cc:94] CPU Frequency: 2200000000 Hz
2020-07-29 16:28:11.134865: I tensorflow/compiler/xla/service/service.cc:168] XLA service 0xeb7c80 executing computations on platform Host. Devices:
2020-07-29 16:28:11.134905: I tensorflow/compiler/xla/service/service.cc:175]   StreamExecutor device (0): <undefined>, <undefined>
2020-07-29 16:28:11.177190: W tensorflow/compiler/jit/mark_for_compilation_pass.cc:1412] (One-time warning): Not using XLA:CPU for cluster because envvar TF_XLA_FLAGS=--tf_xla_cpu_global_jit was not set.  If you want XLA:CPU, either set that envvar, or use experimental_jit_scope to enable XLA:CPU.  To confirm that XLA is active, pass --vmodule=xla_compilation_cache=1 (as a proper command-line flag, not via TF_XLA_FLAGS) or set the envvar XLA_FLAGS=--xla_hlo_profile.
2020-07-29 16:28:11.385236: W tensorflow/core/framework/allocator.cc:107] Allocation of 151142400 exceeds 10% of system memory.
2020-07-29 16:28:11.574050: W tensorflow/core/framework/allocator.cc:107] Allocation of 151142400 exceeds 10% of system memory.
2020-07-29 16:28:11.737657: W tensorflow/core/framework/allocator.cc:107] Allocation of 151142400 exceeds 10% of system memory.
2020-07-29 16:28:11.903636: W tensorflow/core/framework/allocator.cc:107] Allocation of 151142400 exceeds 10% of system memory.
2020-07-29 16:28:12.068651: W tensorflow/core/framework/allocator.cc:107] Allocation of 151142400 exceeds 10% of system memory.
Unable to init server: Could not connect: Connection refused
Unable to init server: Could not connect: Connection refused

(main.py:26050): Gdk-CRITICAL **: 16:37:10.693: gdk_cursor_new_for_display: assertion 'GDK_IS_DISPLAY (display)' failed

(main.py:26050): Gdk-CRITICAL **: 16:37:10.694: gdk_cursor_new_for_display: assertion 'GDK_IS_DISPLAY (display)' failed
WARNING:tensorflow:From /home/bruno97br/.local/lib/python3.7/site-packages/tensorflow/python/ops/init_ops.py:1251: calling VarianceScaling.__init__ (from tensorflow.python.ops.init_ops) with dtype is deprecated and will be removed in a future version.
Instructions for updating:
Call initializer instance with the dtype argument instead of passing it to the constructor
WARNING:tensorflow:Large dropout rate: 0.6 (>0.5). In TensorFlow 2.x, dropout() uses dropout rate instead of keep_prob. Please ensure that this is intended.
2020-07-29 16:37:13.451450: I tensorflow/core/platform/cpu_feature_guard.cc:142] Your CPU supports instructions that this TensorFlow binary was not compiled to use: AVX2 FMA
2020-07-29 16:37:13.456680: I tensorflow/core/platform/profile_utils/cpu_utils.cc:94] CPU Frequency: 2200000000 Hz
2020-07-29 16:37:13.457085: I tensorflow/compiler/xla/service/service.cc:168] XLA service 0x25dbc80 executing computations on platform Host. Devices:
2020-07-29 16:37:13.457121: I tensorflow/compiler/xla/service/service.cc:175]   StreamExecutor device (0): <undefined>, <undefined>
2020-07-29 16:37:13.497762: W tensorflow/compiler/jit/mark_for_compilation_pass.cc:1412] (One-time warning): Not using XLA:CPU for cluster because envvar TF_XLA_FLAGS=--tf_xla_cpu_global_jit was not set.  If you want XLA:CPU, either set that envvar, or use experimental_jit_scope to enable XLA:CPU.  To confirm that XLA is active, pass --vmodule=xla_compilation_cache=1 (as a proper command-line flag, not via TF_XLA_FLAGS) or set the envvar XLA_FLAGS=--xla_hlo_profile.
2020-07-29 16:37:13.702739: W tensorflow/core/framework/allocator.cc:107] Allocation of 151142400 exceeds 10% of system memory.
2020-07-29 16:37:13.890967: W tensorflow/core/framework/allocator.cc:107] Allocation of 151142400 exceeds 10% of system memory.
2020-07-29 16:37:14.055853: W tensorflow/core/framework/allocator.cc:107] Allocation of 151142400 exceeds 10% of system memory.
2020-07-29 16:37:14.219985: W tensorflow/core/framework/allocator.cc:107] Allocation of 151142400 exceeds 10% of system memory.
2020-07-29 16:37:14.385834: W tensorflow/core/framework/allocator.cc:107] Allocation of 151142400 exceeds 10% of system memory.
Unable to init server: Could not connect: Connection refused
Unable to init server: Could not connect: Connection refused

(main.py:26150): Gdk-CRITICAL **: 16:46:13.859: gdk_cursor_new_for_display: assertion 'GDK_IS_DISPLAY (display)' failed

(main.py:26150): Gdk-CRITICAL **: 16:46:13.860: gdk_cursor_new_for_display: assertion 'GDK_IS_DISPLAY (display)' failed
WARNING:tensorflow:From /home/bruno97br/.local/lib/python3.7/site-packages/tensorflow/python/ops/init_ops.py:1251: calling VarianceScaling.__init__ (from tensorflow.python.ops.init_ops) with dtype is deprecated and will be removed in a future version.
Instructions for updating:
Call initializer instance with the dtype argument instead of passing it to the constructor
WARNING:tensorflow:Large dropout rate: 0.6 (>0.5). In TensorFlow 2.x, dropout() uses dropout rate instead of keep_prob. Please ensure that this is intended.
2020-07-29 16:46:17.006051: I tensorflow/core/platform/cpu_feature_guard.cc:142] Your CPU supports instructions that this TensorFlow binary was not compiled to use: AVX2 FMA
2020-07-29 16:46:17.011673: I tensorflow/core/platform/profile_utils/cpu_utils.cc:94] CPU Frequency: 2200000000 Hz
2020-07-29 16:46:17.012206: I tensorflow/compiler/xla/service/service.cc:168] XLA service 0x1ea1b00 executing computations on platform Host. Devices:
2020-07-29 16:46:17.012239: I tensorflow/compiler/xla/service/service.cc:175]   StreamExecutor device (0): <undefined>, <undefined>
2020-07-29 16:46:17.052887: W tensorflow/compiler/jit/mark_for_compilation_pass.cc:1412] (One-time warning): Not using XLA:CPU for cluster because envvar TF_XLA_FLAGS=--tf_xla_cpu_global_jit was not set.  If you want XLA:CPU, either set that envvar, or use experimental_jit_scope to enable XLA:CPU.  To confirm that XLA is active, pass --vmodule=xla_compilation_cache=1 (as a proper command-line flag, not via TF_XLA_FLAGS) or set the envvar XLA_FLAGS=--xla_hlo_profile.
2020-07-29 16:46:17.259678: W tensorflow/core/framework/allocator.cc:107] Allocation of 151142400 exceeds 10% of system memory.
2020-07-29 16:46:17.450555: W tensorflow/core/framework/allocator.cc:107] Allocation of 151142400 exceeds 10% of system memory.
2020-07-29 16:46:17.614246: W tensorflow/core/framework/allocator.cc:107] Allocation of 151142400 exceeds 10% of system memory.
2020-07-29 16:46:17.781221: W tensorflow/core/framework/allocator.cc:107] Allocation of 151142400 exceeds 10% of system memory.
2020-07-29 16:46:17.946806: W tensorflow/core/framework/allocator.cc:107] Allocation of 151142400 exceeds 10% of system memory.
Unable to init server: Could not connect: Connection refused
Unable to init server: Could not connect: Connection refused

(main.py:26201): Gdk-CRITICAL **: 16:55:16.209: gdk_cursor_new_for_display: assertion 'GDK_IS_DISPLAY (display)' failed

(main.py:26201): Gdk-CRITICAL **: 16:55:16.210: gdk_cursor_new_for_display: assertion 'GDK_IS_DISPLAY (display)' failed
WARNING:tensorflow:From /home/bruno97br/.local/lib/python3.7/site-packages/tensorflow/python/ops/init_ops.py:1251: calling VarianceScaling.__init__ (from tensorflow.python.ops.init_ops) with dtype is deprecated and will be removed in a future version.
Instructions for updating:
Call initializer instance with the dtype argument instead of passing it to the constructor
WARNING:tensorflow:Large dropout rate: 0.6 (>0.5). In TensorFlow 2.x, dropout() uses dropout rate instead of keep_prob. Please ensure that this is intended.
2020-07-29 16:55:18.957821: I tensorflow/core/platform/cpu_feature_guard.cc:142] Your CPU supports instructions that this TensorFlow binary was not compiled to use: AVX2 FMA
2020-07-29 16:55:18.963220: I tensorflow/core/platform/profile_utils/cpu_utils.cc:94] CPU Frequency: 2200000000 Hz
2020-07-29 16:55:18.963592: I tensorflow/compiler/xla/service/service.cc:168] XLA service 0x292bc80 executing computations on platform Host. Devices:
2020-07-29 16:55:18.963623: I tensorflow/compiler/xla/service/service.cc:175]   StreamExecutor device (0): <undefined>, <undefined>
2020-07-29 16:55:19.003946: W tensorflow/compiler/jit/mark_for_compilation_pass.cc:1412] (One-time warning): Not using XLA:CPU for cluster because envvar TF_XLA_FLAGS=--tf_xla_cpu_global_jit was not set.  If you want XLA:CPU, either set that envvar, or use experimental_jit_scope to enable XLA:CPU.  To confirm that XLA is active, pass --vmodule=xla_compilation_cache=1 (as a proper command-line flag, not via TF_XLA_FLAGS) or set the envvar XLA_FLAGS=--xla_hlo_profile.
2020-07-29 16:55:19.209939: W tensorflow/core/framework/allocator.cc:107] Allocation of 151142400 exceeds 10% of system memory.
2020-07-29 16:55:19.399210: W tensorflow/core/framework/allocator.cc:107] Allocation of 151142400 exceeds 10% of system memory.
2020-07-29 16:55:19.562966: W tensorflow/core/framework/allocator.cc:107] Allocation of 151142400 exceeds 10% of system memory.
2020-07-29 16:55:19.728336: W tensorflow/core/framework/allocator.cc:107] Allocation of 151142400 exceeds 10% of system memory.
2020-07-29 16:55:19.891995: W tensorflow/core/framework/allocator.cc:107] Allocation of 151142400 exceeds 10% of system memory.
Unable to init server: Could not connect: Connection refused
Unable to init server: Could not connect: Connection refused

(main.py:26296): Gdk-CRITICAL **: 17:04:16.747: gdk_cursor_new_for_display: assertion 'GDK_IS_DISPLAY (display)' failed

(main.py:26296): Gdk-CRITICAL **: 17:04:16.748: gdk_cursor_new_for_display: assertion 'GDK_IS_DISPLAY (display)' failed
WARNING:tensorflow:From /home/bruno97br/.local/lib/python3.7/site-packages/tensorflow/python/ops/init_ops.py:1251: calling VarianceScaling.__init__ (from tensorflow.python.ops.init_ops) with dtype is deprecated and will be removed in a future version.
Instructions for updating:
Call initializer instance with the dtype argument instead of passing it to the constructor
WARNING:tensorflow:Large dropout rate: 0.6 (>0.5). In TensorFlow 2.x, dropout() uses dropout rate instead of keep_prob. Please ensure that this is intended.
2020-07-29 17:04:19.500796: I tensorflow/core/platform/cpu_feature_guard.cc:142] Your CPU supports instructions that this TensorFlow binary was not compiled to use: AVX2 FMA
2020-07-29 17:04:19.506046: I tensorflow/core/platform/profile_utils/cpu_utils.cc:94] CPU Frequency: 2200000000 Hz
2020-07-29 17:04:19.506411: I tensorflow/compiler/xla/service/service.cc:168] XLA service 0x182dc80 executing computations on platform Host. Devices:
2020-07-29 17:04:19.506448: I tensorflow/compiler/xla/service/service.cc:175]   StreamExecutor device (0): <undefined>, <undefined>
2020-07-29 17:04:19.547298: W tensorflow/compiler/jit/mark_for_compilation_pass.cc:1412] (One-time warning): Not using XLA:CPU for cluster because envvar TF_XLA_FLAGS=--tf_xla_cpu_global_jit was not set.  If you want XLA:CPU, either set that envvar, or use experimental_jit_scope to enable XLA:CPU.  To confirm that XLA is active, pass --vmodule=xla_compilation_cache=1 (as a proper command-line flag, not via TF_XLA_FLAGS) or set the envvar XLA_FLAGS=--xla_hlo_profile.
2020-07-29 17:04:19.754509: W tensorflow/core/framework/allocator.cc:107] Allocation of 151142400 exceeds 10% of system memory.
2020-07-29 17:04:19.945261: W tensorflow/core/framework/allocator.cc:107] Allocation of 151142400 exceeds 10% of system memory.
2020-07-29 17:04:20.111700: W tensorflow/core/framework/allocator.cc:107] Allocation of 151142400 exceeds 10% of system memory.
2020-07-29 17:04:20.276387: W tensorflow/core/framework/allocator.cc:107] Allocation of 151142400 exceeds 10% of system memory.
2020-07-29 17:04:20.441420: W tensorflow/core/framework/allocator.cc:107] Allocation of 151142400 exceeds 10% of system memory.
Unable to init server: Could not connect: Connection refused
Unable to init server: Could not connect: Connection refused

(main.py:26345): Gdk-CRITICAL **: 17:13:20.558: gdk_cursor_new_for_display: assertion 'GDK_IS_DISPLAY (display)' failed

(main.py:26345): Gdk-CRITICAL **: 17:13:20.559: gdk_cursor_new_for_display: assertion 'GDK_IS_DISPLAY (display)' failed
WARNING:tensorflow:From /home/bruno97br/.local/lib/python3.7/site-packages/tensorflow/python/ops/init_ops.py:1251: calling VarianceScaling.__init__ (from tensorflow.python.ops.init_ops) with dtype is deprecated and will be removed in a future version.
Instructions for updating:
Call initializer instance with the dtype argument instead of passing it to the constructor
WARNING:tensorflow:Large dropout rate: 0.6 (>0.5). In TensorFlow 2.x, dropout() uses dropout rate instead of keep_prob. Please ensure that this is intended.
2020-07-29 17:13:23.368132: I tensorflow/core/platform/cpu_feature_guard.cc:142] Your CPU supports instructions that this TensorFlow binary was not compiled to use: AVX2 FMA
2020-07-29 17:13:23.373153: I tensorflow/core/platform/profile_utils/cpu_utils.cc:94] CPU Frequency: 2200000000 Hz
2020-07-29 17:13:23.373510: I tensorflow/compiler/xla/service/service.cc:168] XLA service 0x1091c80 executing computations on platform Host. Devices:
2020-07-29 17:13:23.373545: I tensorflow/compiler/xla/service/service.cc:175]   StreamExecutor device (0): <undefined>, <undefined>
2020-07-29 17:13:23.414160: W tensorflow/compiler/jit/mark_for_compilation_pass.cc:1412] (One-time warning): Not using XLA:CPU for cluster because envvar TF_XLA_FLAGS=--tf_xla_cpu_global_jit was not set.  If you want XLA:CPU, either set that envvar, or use experimental_jit_scope to enable XLA:CPU.  To confirm that XLA is active, pass --vmodule=xla_compilation_cache=1 (as a proper command-line flag, not via TF_XLA_FLAGS) or set the envvar XLA_FLAGS=--xla_hlo_profile.
2020-07-29 17:13:23.618267: W tensorflow/core/framework/allocator.cc:107] Allocation of 151142400 exceeds 10% of system memory.
2020-07-29 17:13:23.808433: W tensorflow/core/framework/allocator.cc:107] Allocation of 151142400 exceeds 10% of system memory.
2020-07-29 17:13:23.976932: W tensorflow/core/framework/allocator.cc:107] Allocation of 151142400 exceeds 10% of system memory.
2020-07-29 17:13:24.143244: W tensorflow/core/framework/allocator.cc:107] Allocation of 151142400 exceeds 10% of system memory.
2020-07-29 17:13:24.308936: W tensorflow/core/framework/allocator.cc:107] Allocation of 151142400 exceeds 10% of system memory.
Unable to init server: Could not connect: Connection refused
Unable to init server: Could not connect: Connection refused

(main.py:26387): Gdk-CRITICAL **: 17:22:22.517: gdk_cursor_new_for_display: assertion 'GDK_IS_DISPLAY (display)' failed

(main.py:26387): Gdk-CRITICAL **: 17:22:22.518: gdk_cursor_new_for_display: assertion 'GDK_IS_DISPLAY (display)' failed
WARNING:tensorflow:From /home/bruno97br/.local/lib/python3.7/site-packages/tensorflow/python/ops/init_ops.py:1251: calling VarianceScaling.__init__ (from tensorflow.python.ops.init_ops) with dtype is deprecated and will be removed in a future version.
Instructions for updating:
Call initializer instance with the dtype argument instead of passing it to the constructor
WARNING:tensorflow:Large dropout rate: 0.6 (>0.5). In TensorFlow 2.x, dropout() uses dropout rate instead of keep_prob. Please ensure that this is intended.
2020-07-29 17:22:25.308156: I tensorflow/core/platform/cpu_feature_guard.cc:142] Your CPU supports instructions that this TensorFlow binary was not compiled to use: AVX2 FMA
2020-07-29 17:22:25.313334: I tensorflow/core/platform/profile_utils/cpu_utils.cc:94] CPU Frequency: 2200000000 Hz
2020-07-29 17:22:25.313668: I tensorflow/compiler/xla/service/service.cc:168] XLA service 0x2804c80 executing computations on platform Host. Devices:
2020-07-29 17:22:25.313704: I tensorflow/compiler/xla/service/service.cc:175]   StreamExecutor device (0): <undefined>, <undefined>
2020-07-29 17:22:25.354998: W tensorflow/compiler/jit/mark_for_compilation_pass.cc:1412] (One-time warning): Not using XLA:CPU for cluster because envvar TF_XLA_FLAGS=--tf_xla_cpu_global_jit was not set.  If you want XLA:CPU, either set that envvar, or use experimental_jit_scope to enable XLA:CPU.  To confirm that XLA is active, pass --vmodule=xla_compilation_cache=1 (as a proper command-line flag, not via TF_XLA_FLAGS) or set the envvar XLA_FLAGS=--xla_hlo_profile.
2020-07-29 17:22:25.562056: W tensorflow/core/framework/allocator.cc:107] Allocation of 151142400 exceeds 10% of system memory.
2020-07-29 17:22:25.749817: W tensorflow/core/framework/allocator.cc:107] Allocation of 151142400 exceeds 10% of system memory.
2020-07-29 17:22:25.913367: W tensorflow/core/framework/allocator.cc:107] Allocation of 151142400 exceeds 10% of system memory.
2020-07-29 17:22:26.076875: W tensorflow/core/framework/allocator.cc:107] Allocation of 151142400 exceeds 10% of system memory.
2020-07-29 17:22:26.242045: W tensorflow/core/framework/allocator.cc:107] Allocation of 151142400 exceeds 10% of system memory.
Unable to init server: Could not connect: Connection refused
Unable to init server: Could not connect: Connection refused

(main.py:26475): Gdk-CRITICAL **: 17:31:25.043: gdk_cursor_new_for_display: assertion 'GDK_IS_DISPLAY (display)' failed

(main.py:26475): Gdk-CRITICAL **: 17:31:25.044: gdk_cursor_new_for_display: assertion 'GDK_IS_DISPLAY (display)' failed
WARNING:tensorflow:From /home/bruno97br/.local/lib/python3.7/site-packages/tensorflow/python/ops/init_ops.py:1251: calling VarianceScaling.__init__ (from tensorflow.python.ops.init_ops) with dtype is deprecated and will be removed in a future version.
Instructions for updating:
Call initializer instance with the dtype argument instead of passing it to the constructor
WARNING:tensorflow:Large dropout rate: 0.6 (>0.5). In TensorFlow 2.x, dropout() uses dropout rate instead of keep_prob. Please ensure that this is intended.
2020-07-29 17:31:27.909747: I tensorflow/core/platform/cpu_feature_guard.cc:142] Your CPU supports instructions that this TensorFlow binary was not compiled to use: AVX2 FMA
2020-07-29 17:31:27.915598: I tensorflow/core/platform/profile_utils/cpu_utils.cc:94] CPU Frequency: 2200000000 Hz
2020-07-29 17:31:27.915876: I tensorflow/compiler/xla/service/service.cc:168] XLA service 0xc68c80 executing computations on platform Host. Devices:
2020-07-29 17:31:27.915916: I tensorflow/compiler/xla/service/service.cc:175]   StreamExecutor device (0): <undefined>, <undefined>
2020-07-29 17:31:27.957483: W tensorflow/compiler/jit/mark_for_compilation_pass.cc:1412] (One-time warning): Not using XLA:CPU for cluster because envvar TF_XLA_FLAGS=--tf_xla_cpu_global_jit was not set.  If you want XLA:CPU, either set that envvar, or use experimental_jit_scope to enable XLA:CPU.  To confirm that XLA is active, pass --vmodule=xla_compilation_cache=1 (as a proper command-line flag, not via TF_XLA_FLAGS) or set the envvar XLA_FLAGS=--xla_hlo_profile.
2020-07-29 17:31:28.167524: W tensorflow/core/framework/allocator.cc:107] Allocation of 151142400 exceeds 10% of system memory.
2020-07-29 17:31:28.358171: W tensorflow/core/framework/allocator.cc:107] Allocation of 151142400 exceeds 10% of system memory.
2020-07-29 17:31:28.524459: W tensorflow/core/framework/allocator.cc:107] Allocation of 151142400 exceeds 10% of system memory.
2020-07-29 17:31:28.689197: W tensorflow/core/framework/allocator.cc:107] Allocation of 151142400 exceeds 10% of system memory.
2020-07-29 17:31:28.853956: W tensorflow/core/framework/allocator.cc:107] Allocation of 151142400 exceeds 10% of system memory.
Unable to init server: Could not connect: Connection refused
Unable to init server: Could not connect: Connection refused

(main.py:26523): Gdk-CRITICAL **: 17:40:26.445: gdk_cursor_new_for_display: assertion 'GDK_IS_DISPLAY (display)' failed

(main.py:26523): Gdk-CRITICAL **: 17:40:26.446: gdk_cursor_new_for_display: assertion 'GDK_IS_DISPLAY (display)' failed
WARNING:tensorflow:From /home/bruno97br/.local/lib/python3.7/site-packages/tensorflow/python/ops/init_ops.py:1251: calling VarianceScaling.__init__ (from tensorflow.python.ops.init_ops) with dtype is deprecated and will be removed in a future version.
Instructions for updating:
Call initializer instance with the dtype argument instead of passing it to the constructor
WARNING:tensorflow:Large dropout rate: 0.6 (>0.5). In TensorFlow 2.x, dropout() uses dropout rate instead of keep_prob. Please ensure that this is intended.
2020-07-29 17:40:29.215600: I tensorflow/core/platform/cpu_feature_guard.cc:142] Your CPU supports instructions that this TensorFlow binary was not compiled to use: AVX2 FMA
2020-07-29 17:40:29.220922: I tensorflow/core/platform/profile_utils/cpu_utils.cc:94] CPU Frequency: 2200000000 Hz
2020-07-29 17:40:29.221276: I tensorflow/compiler/xla/service/service.cc:168] XLA service 0x1b4dc80 executing computations on platform Host. Devices:
2020-07-29 17:40:29.221319: I tensorflow/compiler/xla/service/service.cc:175]   StreamExecutor device (0): <undefined>, <undefined>
2020-07-29 17:40:29.262537: W tensorflow/compiler/jit/mark_for_compilation_pass.cc:1412] (One-time warning): Not using XLA:CPU for cluster because envvar TF_XLA_FLAGS=--tf_xla_cpu_global_jit was not set.  If you want XLA:CPU, either set that envvar, or use experimental_jit_scope to enable XLA:CPU.  To confirm that XLA is active, pass --vmodule=xla_compilation_cache=1 (as a proper command-line flag, not via TF_XLA_FLAGS) or set the envvar XLA_FLAGS=--xla_hlo_profile.
2020-07-29 17:40:29.475007: W tensorflow/core/framework/allocator.cc:107] Allocation of 151142400 exceeds 10% of system memory.
2020-07-29 17:40:29.664528: W tensorflow/core/framework/allocator.cc:107] Allocation of 151142400 exceeds 10% of system memory.
2020-07-29 17:40:29.833181: W tensorflow/core/framework/allocator.cc:107] Allocation of 151142400 exceeds 10% of system memory.
2020-07-29 17:40:29.999162: W tensorflow/core/framework/allocator.cc:107] Allocation of 151142400 exceeds 10% of system memory.
2020-07-29 17:40:30.166579: W tensorflow/core/framework/allocator.cc:107] Allocation of 151142400 exceeds 10% of system memory.
Unable to init server: Could not connect: Connection refused
Unable to init server: Could not connect: Connection refused

(main.py:26572): Gdk-CRITICAL **: 17:49:27.996: gdk_cursor_new_for_display: assertion 'GDK_IS_DISPLAY (display)' failed

(main.py:26572): Gdk-CRITICAL **: 17:49:27.997: gdk_cursor_new_for_display: assertion 'GDK_IS_DISPLAY (display)' failed
WARNING:tensorflow:From /home/bruno97br/.local/lib/python3.7/site-packages/tensorflow/python/ops/init_ops.py:1251: calling VarianceScaling.__init__ (from tensorflow.python.ops.init_ops) with dtype is deprecated and will be removed in a future version.
Instructions for updating:
Call initializer instance with the dtype argument instead of passing it to the constructor
WARNING:tensorflow:Large dropout rate: 0.6 (>0.5). In TensorFlow 2.x, dropout() uses dropout rate instead of keep_prob. Please ensure that this is intended.
2020-07-29 17:49:31.725101: I tensorflow/core/platform/cpu_feature_guard.cc:142] Your CPU supports instructions that this TensorFlow binary was not compiled to use: AVX2 FMA
2020-07-29 17:49:31.731060: I tensorflow/core/platform/profile_utils/cpu_utils.cc:94] CPU Frequency: 2200000000 Hz
2020-07-29 17:49:31.731404: I tensorflow/compiler/xla/service/service.cc:168] XLA service 0x2725c80 executing computations on platform Host. Devices:
2020-07-29 17:49:31.731443: I tensorflow/compiler/xla/service/service.cc:175]   StreamExecutor device (0): <undefined>, <undefined>
2020-07-29 17:49:31.771132: W tensorflow/compiler/jit/mark_for_compilation_pass.cc:1412] (One-time warning): Not using XLA:CPU for cluster because envvar TF_XLA_FLAGS=--tf_xla_cpu_global_jit was not set.  If you want XLA:CPU, either set that envvar, or use experimental_jit_scope to enable XLA:CPU.  To confirm that XLA is active, pass --vmodule=xla_compilation_cache=1 (as a proper command-line flag, not via TF_XLA_FLAGS) or set the envvar XLA_FLAGS=--xla_hlo_profile.
2020-07-29 17:49:31.972620: W tensorflow/core/framework/allocator.cc:107] Allocation of 151142400 exceeds 10% of system memory.
2020-07-29 17:49:32.160924: W tensorflow/core/framework/allocator.cc:107] Allocation of 151142400 exceeds 10% of system memory.
2020-07-29 17:49:32.327251: W tensorflow/core/framework/allocator.cc:107] Allocation of 151142400 exceeds 10% of system memory.
2020-07-29 17:49:32.491016: W tensorflow/core/framework/allocator.cc:107] Allocation of 151142400 exceeds 10% of system memory.
2020-07-29 17:49:32.655225: W tensorflow/core/framework/allocator.cc:107] Allocation of 151142400 exceeds 10% of system memory.
Unable to init server: Could not connect: Connection refused
Unable to init server: Could not connect: Connection refused

(main.py:26673): Gdk-CRITICAL **: 17:58:29.748: gdk_cursor_new_for_display: assertion 'GDK_IS_DISPLAY (display)' failed

(main.py:26673): Gdk-CRITICAL **: 17:58:29.749: gdk_cursor_new_for_display: assertion 'GDK_IS_DISPLAY (display)' failed
WARNING:tensorflow:From /home/bruno97br/.local/lib/python3.7/site-packages/tensorflow/python/ops/init_ops.py:1251: calling VarianceScaling.__init__ (from tensorflow.python.ops.init_ops) with dtype is deprecated and will be removed in a future version.
Instructions for updating:
Call initializer instance with the dtype argument instead of passing it to the constructor
WARNING:tensorflow:Large dropout rate: 0.6 (>0.5). In TensorFlow 2.x, dropout() uses dropout rate instead of keep_prob. Please ensure that this is intended.
2020-07-29 17:58:32.510285: I tensorflow/core/platform/cpu_feature_guard.cc:142] Your CPU supports instructions that this TensorFlow binary was not compiled to use: AVX2 FMA
2020-07-29 17:58:32.515581: I tensorflow/core/platform/profile_utils/cpu_utils.cc:94] CPU Frequency: 2200000000 Hz
2020-07-29 17:58:32.516370: I tensorflow/compiler/xla/service/service.cc:168] XLA service 0x1731c80 executing computations on platform Host. Devices:
2020-07-29 17:58:32.516407: I tensorflow/compiler/xla/service/service.cc:175]   StreamExecutor device (0): <undefined>, <undefined>
2020-07-29 17:58:32.555996: W tensorflow/compiler/jit/mark_for_compilation_pass.cc:1412] (One-time warning): Not using XLA:CPU for cluster because envvar TF_XLA_FLAGS=--tf_xla_cpu_global_jit was not set.  If you want XLA:CPU, either set that envvar, or use experimental_jit_scope to enable XLA:CPU.  To confirm that XLA is active, pass --vmodule=xla_compilation_cache=1 (as a proper command-line flag, not via TF_XLA_FLAGS) or set the envvar XLA_FLAGS=--xla_hlo_profile.
2020-07-29 17:58:32.758607: W tensorflow/core/framework/allocator.cc:107] Allocation of 151142400 exceeds 10% of system memory.
2020-07-29 17:58:32.947235: W tensorflow/core/framework/allocator.cc:107] Allocation of 151142400 exceeds 10% of system memory.
2020-07-29 17:58:33.113311: W tensorflow/core/framework/allocator.cc:107] Allocation of 151142400 exceeds 10% of system memory.
2020-07-29 17:58:33.279174: W tensorflow/core/framework/allocator.cc:107] Allocation of 151142400 exceeds 10% of system memory.
2020-07-29 17:58:33.443968: W tensorflow/core/framework/allocator.cc:107] Allocation of 151142400 exceeds 10% of system memory.
Unable to init server: Could not connect: Connection refused
Unable to init server: Could not connect: Connection refused

(main.py:26721): Gdk-CRITICAL **: 18:07:29.248: gdk_cursor_new_for_display: assertion 'GDK_IS_DISPLAY (display)' failed

(main.py:26721): Gdk-CRITICAL **: 18:07:29.249: gdk_cursor_new_for_display: assertion 'GDK_IS_DISPLAY (display)' failed
WARNING:tensorflow:From /home/bruno97br/.local/lib/python3.7/site-packages/tensorflow/python/ops/init_ops.py:1251: calling VarianceScaling.__init__ (from tensorflow.python.ops.init_ops) with dtype is deprecated and will be removed in a future version.
Instructions for updating:
Call initializer instance with the dtype argument instead of passing it to the constructor
WARNING:tensorflow:Large dropout rate: 0.6 (>0.5). In TensorFlow 2.x, dropout() uses dropout rate instead of keep_prob. Please ensure that this is intended.
2020-07-29 18:07:32.010277: I tensorflow/core/platform/cpu_feature_guard.cc:142] Your CPU supports instructions that this TensorFlow binary was not compiled to use: AVX2 FMA
2020-07-29 18:07:32.015379: I tensorflow/core/platform/profile_utils/cpu_utils.cc:94] CPU Frequency: 2200000000 Hz
2020-07-29 18:07:32.015772: I tensorflow/compiler/xla/service/service.cc:168] XLA service 0x1a40c80 executing computations on platform Host. Devices:
2020-07-29 18:07:32.015808: I tensorflow/compiler/xla/service/service.cc:175]   StreamExecutor device (0): <undefined>, <undefined>
2020-07-29 18:07:32.055728: W tensorflow/compiler/jit/mark_for_compilation_pass.cc:1412] (One-time warning): Not using XLA:CPU for cluster because envvar TF_XLA_FLAGS=--tf_xla_cpu_global_jit was not set.  If you want XLA:CPU, either set that envvar, or use experimental_jit_scope to enable XLA:CPU.  To confirm that XLA is active, pass --vmodule=xla_compilation_cache=1 (as a proper command-line flag, not via TF_XLA_FLAGS) or set the envvar XLA_FLAGS=--xla_hlo_profile.
2020-07-29 18:07:32.261210: W tensorflow/core/framework/allocator.cc:107] Allocation of 151142400 exceeds 10% of system memory.
2020-07-29 18:07:32.449879: W tensorflow/core/framework/allocator.cc:107] Allocation of 151142400 exceeds 10% of system memory.
2020-07-29 18:07:32.613030: W tensorflow/core/framework/allocator.cc:107] Allocation of 151142400 exceeds 10% of system memory.
2020-07-29 18:07:32.778864: W tensorflow/core/framework/allocator.cc:107] Allocation of 151142400 exceeds 10% of system memory.
2020-07-29 18:07:32.942264: W tensorflow/core/framework/allocator.cc:107] Allocation of 151142400 exceeds 10% of system memory.
Unable to init server: Could not connect: Connection refused
Unable to init server: Could not connect: Connection refused

(main.py:26769): Gdk-CRITICAL **: 18:16:30.139: gdk_cursor_new_for_display: assertion 'GDK_IS_DISPLAY (display)' failed

(main.py:26769): Gdk-CRITICAL **: 18:16:30.140: gdk_cursor_new_for_display: assertion 'GDK_IS_DISPLAY (display)' failed
WARNING:tensorflow:From /home/bruno97br/.local/lib/python3.7/site-packages/tensorflow/python/ops/init_ops.py:1251: calling VarianceScaling.__init__ (from tensorflow.python.ops.init_ops) with dtype is deprecated and will be removed in a future version.
Instructions for updating:
Call initializer instance with the dtype argument instead of passing it to the constructor
WARNING:tensorflow:Large dropout rate: 0.6 (>0.5). In TensorFlow 2.x, dropout() uses dropout rate instead of keep_prob. Please ensure that this is intended.
2020-07-29 18:16:32.925941: I tensorflow/core/platform/cpu_feature_guard.cc:142] Your CPU supports instructions that this TensorFlow binary was not compiled to use: AVX2 FMA
2020-07-29 18:16:32.931402: I tensorflow/core/platform/profile_utils/cpu_utils.cc:94] CPU Frequency: 2200000000 Hz
2020-07-29 18:16:32.931679: I tensorflow/compiler/xla/service/service.cc:168] XLA service 0x1631c80 executing computations on platform Host. Devices:
2020-07-29 18:16:32.931798: I tensorflow/compiler/xla/service/service.cc:175]   StreamExecutor device (0): <undefined>, <undefined>
2020-07-29 18:16:32.973366: W tensorflow/compiler/jit/mark_for_compilation_pass.cc:1412] (One-time warning): Not using XLA:CPU for cluster because envvar TF_XLA_FLAGS=--tf_xla_cpu_global_jit was not set.  If you want XLA:CPU, either set that envvar, or use experimental_jit_scope to enable XLA:CPU.  To confirm that XLA is active, pass --vmodule=xla_compilation_cache=1 (as a proper command-line flag, not via TF_XLA_FLAGS) or set the envvar XLA_FLAGS=--xla_hlo_profile.
2020-07-29 18:16:33.181211: W tensorflow/core/framework/allocator.cc:107] Allocation of 151142400 exceeds 10% of system memory.
2020-07-29 18:16:33.370641: W tensorflow/core/framework/allocator.cc:107] Allocation of 151142400 exceeds 10% of system memory.
2020-07-29 18:16:33.535766: W tensorflow/core/framework/allocator.cc:107] Allocation of 151142400 exceeds 10% of system memory.
2020-07-29 18:16:33.698555: W tensorflow/core/framework/allocator.cc:107] Allocation of 151142400 exceeds 10% of system memory.
2020-07-29 18:16:33.863386: W tensorflow/core/framework/allocator.cc:107] Allocation of 151142400 exceeds 10% of system memory.
Unable to init server: Could not connect: Connection refused
Unable to init server: Could not connect: Connection refused

(main.py:26859): Gdk-CRITICAL **: 18:25:30.719: gdk_cursor_new_for_display: assertion 'GDK_IS_DISPLAY (display)' failed

(main.py:26859): Gdk-CRITICAL **: 18:25:30.720: gdk_cursor_new_for_display: assertion 'GDK_IS_DISPLAY (display)' failed
WARNING:tensorflow:From /home/bruno97br/.local/lib/python3.7/site-packages/tensorflow/python/ops/init_ops.py:1251: calling VarianceScaling.__init__ (from tensorflow.python.ops.init_ops) with dtype is deprecated and will be removed in a future version.
Instructions for updating:
Call initializer instance with the dtype argument instead of passing it to the constructor
WARNING:tensorflow:Large dropout rate: 0.6 (>0.5). In TensorFlow 2.x, dropout() uses dropout rate instead of keep_prob. Please ensure that this is intended.
2020-07-29 18:25:33.545963: I tensorflow/core/platform/cpu_feature_guard.cc:142] Your CPU supports instructions that this TensorFlow binary was not compiled to use: AVX2 FMA
2020-07-29 18:25:33.551384: I tensorflow/core/platform/profile_utils/cpu_utils.cc:94] CPU Frequency: 2200000000 Hz
2020-07-29 18:25:33.551663: I tensorflow/compiler/xla/service/service.cc:168] XLA service 0x27cdc80 executing computations on platform Host. Devices:
2020-07-29 18:25:33.551697: I tensorflow/compiler/xla/service/service.cc:175]   StreamExecutor device (0): <undefined>, <undefined>
2020-07-29 18:25:33.592800: W tensorflow/compiler/jit/mark_for_compilation_pass.cc:1412] (One-time warning): Not using XLA:CPU for cluster because envvar TF_XLA_FLAGS=--tf_xla_cpu_global_jit was not set.  If you want XLA:CPU, either set that envvar, or use experimental_jit_scope to enable XLA:CPU.  To confirm that XLA is active, pass --vmodule=xla_compilation_cache=1 (as a proper command-line flag, not via TF_XLA_FLAGS) or set the envvar XLA_FLAGS=--xla_hlo_profile.
2020-07-29 18:25:33.797994: W tensorflow/core/framework/allocator.cc:107] Allocation of 151142400 exceeds 10% of system memory.
2020-07-29 18:25:33.987915: W tensorflow/core/framework/allocator.cc:107] Allocation of 151142400 exceeds 10% of system memory.
2020-07-29 18:25:34.155550: W tensorflow/core/framework/allocator.cc:107] Allocation of 151142400 exceeds 10% of system memory.
2020-07-29 18:25:34.320823: W tensorflow/core/framework/allocator.cc:107] Allocation of 151142400 exceeds 10% of system memory.
2020-07-29 18:25:34.485259: W tensorflow/core/framework/allocator.cc:107] Allocation of 151142400 exceeds 10% of system memory.
Unable to init server: Could not connect: Connection refused
Unable to init server: Could not connect: Connection refused

(main.py:26898): Gdk-CRITICAL **: 18:34:32.607: gdk_cursor_new_for_display: assertion 'GDK_IS_DISPLAY (display)' failed

(main.py:26898): Gdk-CRITICAL **: 18:34:32.608: gdk_cursor_new_for_display: assertion 'GDK_IS_DISPLAY (display)' failed
WARNING:tensorflow:From /home/bruno97br/.local/lib/python3.7/site-packages/tensorflow/python/ops/init_ops.py:1251: calling VarianceScaling.__init__ (from tensorflow.python.ops.init_ops) with dtype is deprecated and will be removed in a future version.
Instructions for updating:
Call initializer instance with the dtype argument instead of passing it to the constructor
WARNING:tensorflow:Large dropout rate: 0.6 (>0.5). In TensorFlow 2.x, dropout() uses dropout rate instead of keep_prob. Please ensure that this is intended.
2020-07-29 18:34:35.478917: I tensorflow/core/platform/cpu_feature_guard.cc:142] Your CPU supports instructions that this TensorFlow binary was not compiled to use: AVX2 FMA
2020-07-29 18:34:35.484015: I tensorflow/core/platform/profile_utils/cpu_utils.cc:94] CPU Frequency: 2200000000 Hz
2020-07-29 18:34:35.484286: I tensorflow/compiler/xla/service/service.cc:168] XLA service 0x1d84c80 executing computations on platform Host. Devices:
2020-07-29 18:34:35.484341: I tensorflow/compiler/xla/service/service.cc:175]   StreamExecutor device (0): <undefined>, <undefined>
2020-07-29 18:34:35.525335: W tensorflow/compiler/jit/mark_for_compilation_pass.cc:1412] (One-time warning): Not using XLA:CPU for cluster because envvar TF_XLA_FLAGS=--tf_xla_cpu_global_jit was not set.  If you want XLA:CPU, either set that envvar, or use experimental_jit_scope to enable XLA:CPU.  To confirm that XLA is active, pass --vmodule=xla_compilation_cache=1 (as a proper command-line flag, not via TF_XLA_FLAGS) or set the envvar XLA_FLAGS=--xla_hlo_profile.
2020-07-29 18:34:35.731175: W tensorflow/core/framework/allocator.cc:107] Allocation of 151142400 exceeds 10% of system memory.
2020-07-29 18:34:35.921785: W tensorflow/core/framework/allocator.cc:107] Allocation of 151142400 exceeds 10% of system memory.
2020-07-29 18:34:36.085150: W tensorflow/core/framework/allocator.cc:107] Allocation of 151142400 exceeds 10% of system memory.
2020-07-29 18:34:36.248417: W tensorflow/core/framework/allocator.cc:107] Allocation of 151142400 exceeds 10% of system memory.
2020-07-29 18:34:36.414144: W tensorflow/core/framework/allocator.cc:107] Allocation of 151142400 exceeds 10% of system memory.
Unable to init server: Could not connect: Connection refused
Unable to init server: Could not connect: Connection refused

(main.py:26946): Gdk-CRITICAL **: 18:43:32.092: gdk_cursor_new_for_display: assertion 'GDK_IS_DISPLAY (display)' failed

(main.py:26946): Gdk-CRITICAL **: 18:43:32.093: gdk_cursor_new_for_display: assertion 'GDK_IS_DISPLAY (display)' failed
WARNING:tensorflow:From /home/bruno97br/.local/lib/python3.7/site-packages/tensorflow/python/ops/init_ops.py:1251: calling VarianceScaling.__init__ (from tensorflow.python.ops.init_ops) with dtype is deprecated and will be removed in a future version.
Instructions for updating:
Call initializer instance with the dtype argument instead of passing it to the constructor
WARNING:tensorflow:Large dropout rate: 0.6 (>0.5). In TensorFlow 2.x, dropout() uses dropout rate instead of keep_prob. Please ensure that this is intended.
2020-07-29 18:43:34.859476: I tensorflow/core/platform/cpu_feature_guard.cc:142] Your CPU supports instructions that this TensorFlow binary was not compiled to use: AVX2 FMA
2020-07-29 18:43:34.865148: I tensorflow/core/platform/profile_utils/cpu_utils.cc:94] CPU Frequency: 2200000000 Hz
2020-07-29 18:43:34.865457: I tensorflow/compiler/xla/service/service.cc:168] XLA service 0x1625c80 executing computations on platform Host. Devices:
2020-07-29 18:43:34.865496: I tensorflow/compiler/xla/service/service.cc:175]   StreamExecutor device (0): <undefined>, <undefined>
2020-07-29 18:43:34.906591: W tensorflow/compiler/jit/mark_for_compilation_pass.cc:1412] (One-time warning): Not using XLA:CPU for cluster because envvar TF_XLA_FLAGS=--tf_xla_cpu_global_jit was not set.  If you want XLA:CPU, either set that envvar, or use experimental_jit_scope to enable XLA:CPU.  To confirm that XLA is active, pass --vmodule=xla_compilation_cache=1 (as a proper command-line flag, not via TF_XLA_FLAGS) or set the envvar XLA_FLAGS=--xla_hlo_profile.
2020-07-29 18:43:35.112249: W tensorflow/core/framework/allocator.cc:107] Allocation of 151142400 exceeds 10% of system memory.
2020-07-29 18:43:35.303546: W tensorflow/core/framework/allocator.cc:107] Allocation of 151142400 exceeds 10% of system memory.
2020-07-29 18:43:35.470516: W tensorflow/core/framework/allocator.cc:107] Allocation of 151142400 exceeds 10% of system memory.
2020-07-29 18:43:35.636804: W tensorflow/core/framework/allocator.cc:107] Allocation of 151142400 exceeds 10% of system memory.
2020-07-29 18:43:35.801856: W tensorflow/core/framework/allocator.cc:107] Allocation of 151142400 exceeds 10% of system memory.
Unable to init server: Could not connect: Connection refused
Unable to init server: Could not connect: Connection refused

(main.py:27047): Gdk-CRITICAL **: 18:52:32.331: gdk_cursor_new_for_display: assertion 'GDK_IS_DISPLAY (display)' failed

(main.py:27047): Gdk-CRITICAL **: 18:52:32.332: gdk_cursor_new_for_display: assertion 'GDK_IS_DISPLAY (display)' failed
WARNING:tensorflow:From /home/bruno97br/.local/lib/python3.7/site-packages/tensorflow/python/ops/init_ops.py:1251: calling VarianceScaling.__init__ (from tensorflow.python.ops.init_ops) with dtype is deprecated and will be removed in a future version.
Instructions for updating:
Call initializer instance with the dtype argument instead of passing it to the constructor
WARNING:tensorflow:Large dropout rate: 0.6 (>0.5). In TensorFlow 2.x, dropout() uses dropout rate instead of keep_prob. Please ensure that this is intended.
2020-07-29 18:52:35.434079: I tensorflow/core/platform/cpu_feature_guard.cc:142] Your CPU supports instructions that this TensorFlow binary was not compiled to use: AVX2 FMA
2020-07-29 18:52:35.439470: I tensorflow/core/platform/profile_utils/cpu_utils.cc:94] CPU Frequency: 2200000000 Hz
2020-07-29 18:52:35.440103: I tensorflow/compiler/xla/service/service.cc:168] XLA service 0x128bc80 executing computations on platform Host. Devices:
2020-07-29 18:52:35.440146: I tensorflow/compiler/xla/service/service.cc:175]   StreamExecutor device (0): <undefined>, <undefined>
2020-07-29 18:52:35.482653: W tensorflow/compiler/jit/mark_for_compilation_pass.cc:1412] (One-time warning): Not using XLA:CPU for cluster because envvar TF_XLA_FLAGS=--tf_xla_cpu_global_jit was not set.  If you want XLA:CPU, either set that envvar, or use experimental_jit_scope to enable XLA:CPU.  To confirm that XLA is active, pass --vmodule=xla_compilation_cache=1 (as a proper command-line flag, not via TF_XLA_FLAGS) or set the envvar XLA_FLAGS=--xla_hlo_profile.
2020-07-29 18:52:35.689493: W tensorflow/core/framework/allocator.cc:107] Allocation of 151142400 exceeds 10% of system memory.
2020-07-29 18:52:35.876601: W tensorflow/core/framework/allocator.cc:107] Allocation of 151142400 exceeds 10% of system memory.
2020-07-29 18:52:36.043242: W tensorflow/core/framework/allocator.cc:107] Allocation of 151142400 exceeds 10% of system memory.
2020-07-29 18:52:36.210455: W tensorflow/core/framework/allocator.cc:107] Allocation of 151142400 exceeds 10% of system memory.
2020-07-29 18:52:36.379666: W tensorflow/core/framework/allocator.cc:107] Allocation of 151142400 exceeds 10% of system memory.
Unable to init server: Could not connect: Connection refused
Unable to init server: Could not connect: Connection refused

(main.py:27090): Gdk-CRITICAL **: 19:01:34.056: gdk_cursor_new_for_display: assertion 'GDK_IS_DISPLAY (display)' failed

(main.py:27090): Gdk-CRITICAL **: 19:01:34.057: gdk_cursor_new_for_display: assertion 'GDK_IS_DISPLAY (display)' failed
WARNING:tensorflow:From /home/bruno97br/.local/lib/python3.7/site-packages/tensorflow/python/ops/init_ops.py:1251: calling VarianceScaling.__init__ (from tensorflow.python.ops.init_ops) with dtype is deprecated and will be removed in a future version.
Instructions for updating:
Call initializer instance with the dtype argument instead of passing it to the constructor
WARNING:tensorflow:Large dropout rate: 0.6 (>0.5). In TensorFlow 2.x, dropout() uses dropout rate instead of keep_prob. Please ensure that this is intended.
2020-07-29 19:01:36.807256: I tensorflow/core/platform/cpu_feature_guard.cc:142] Your CPU supports instructions that this TensorFlow binary was not compiled to use: AVX2 FMA
2020-07-29 19:01:36.812352: I tensorflow/core/platform/profile_utils/cpu_utils.cc:94] CPU Frequency: 2200000000 Hz
2020-07-29 19:01:36.812611: I tensorflow/compiler/xla/service/service.cc:168] XLA service 0x279ec80 executing computations on platform Host. Devices:
2020-07-29 19:01:36.812645: I tensorflow/compiler/xla/service/service.cc:175]   StreamExecutor device (0): <undefined>, <undefined>
2020-07-29 19:01:36.853079: W tensorflow/compiler/jit/mark_for_compilation_pass.cc:1412] (One-time warning): Not using XLA:CPU for cluster because envvar TF_XLA_FLAGS=--tf_xla_cpu_global_jit was not set.  If you want XLA:CPU, either set that envvar, or use experimental_jit_scope to enable XLA:CPU.  To confirm that XLA is active, pass --vmodule=xla_compilation_cache=1 (as a proper command-line flag, not via TF_XLA_FLAGS) or set the envvar XLA_FLAGS=--xla_hlo_profile.
2020-07-29 19:01:37.058204: W tensorflow/core/framework/allocator.cc:107] Allocation of 151142400 exceeds 10% of system memory.
2020-07-29 19:01:37.247408: W tensorflow/core/framework/allocator.cc:107] Allocation of 151142400 exceeds 10% of system memory.
2020-07-29 19:01:37.412692: W tensorflow/core/framework/allocator.cc:107] Allocation of 151142400 exceeds 10% of system memory.
2020-07-29 19:01:37.576071: W tensorflow/core/framework/allocator.cc:107] Allocation of 151142400 exceeds 10% of system memory.
2020-07-29 19:01:37.741079: W tensorflow/core/framework/allocator.cc:107] Allocation of 151142400 exceeds 10% of system memory.
Unable to init server: Could not connect: Connection refused
Unable to init server: Could not connect: Connection refused

(main.py:27131): Gdk-CRITICAL **: 19:10:35.915: gdk_cursor_new_for_display: assertion 'GDK_IS_DISPLAY (display)' failed

(main.py:27131): Gdk-CRITICAL **: 19:10:35.916: gdk_cursor_new_for_display: assertion 'GDK_IS_DISPLAY (display)' failed
WARNING:tensorflow:From /home/bruno97br/.local/lib/python3.7/site-packages/tensorflow/python/ops/init_ops.py:1251: calling VarianceScaling.__init__ (from tensorflow.python.ops.init_ops) with dtype is deprecated and will be removed in a future version.
Instructions for updating:
Call initializer instance with the dtype argument instead of passing it to the constructor
WARNING:tensorflow:Large dropout rate: 0.6 (>0.5). In TensorFlow 2.x, dropout() uses dropout rate instead of keep_prob. Please ensure that this is intended.
2020-07-29 19:10:38.693449: I tensorflow/core/platform/cpu_feature_guard.cc:142] Your CPU supports instructions that this TensorFlow binary was not compiled to use: AVX2 FMA
2020-07-29 19:10:38.698615: I tensorflow/core/platform/profile_utils/cpu_utils.cc:94] CPU Frequency: 2200000000 Hz
2020-07-29 19:10:38.699428: I tensorflow/compiler/xla/service/service.cc:168] XLA service 0xc9ec80 executing computations on platform Host. Devices:
2020-07-29 19:10:38.699465: I tensorflow/compiler/xla/service/service.cc:175]   StreamExecutor device (0): <undefined>, <undefined>
2020-07-29 19:10:38.738995: W tensorflow/compiler/jit/mark_for_compilation_pass.cc:1412] (One-time warning): Not using XLA:CPU for cluster because envvar TF_XLA_FLAGS=--tf_xla_cpu_global_jit was not set.  If you want XLA:CPU, either set that envvar, or use experimental_jit_scope to enable XLA:CPU.  To confirm that XLA is active, pass --vmodule=xla_compilation_cache=1 (as a proper command-line flag, not via TF_XLA_FLAGS) or set the envvar XLA_FLAGS=--xla_hlo_profile.
2020-07-29 19:10:38.942846: W tensorflow/core/framework/allocator.cc:107] Allocation of 151142400 exceeds 10% of system memory.
2020-07-29 19:10:39.131606: W tensorflow/core/framework/allocator.cc:107] Allocation of 151142400 exceeds 10% of system memory.
2020-07-29 19:10:39.297410: W tensorflow/core/framework/allocator.cc:107] Allocation of 151142400 exceeds 10% of system memory.
2020-07-29 19:10:39.462797: W tensorflow/core/framework/allocator.cc:107] Allocation of 151142400 exceeds 10% of system memory.
2020-07-29 19:10:39.629563: W tensorflow/core/framework/allocator.cc:107] Allocation of 151142400 exceeds 10% of system memory.
Unable to init server: Could not connect: Connection refused
Unable to init server: Could not connect: Connection refused

(main.py:27229): Gdk-CRITICAL **: 19:19:37.772: gdk_cursor_new_for_display: assertion 'GDK_IS_DISPLAY (display)' failed

(main.py:27229): Gdk-CRITICAL **: 19:19:37.773: gdk_cursor_new_for_display: assertion 'GDK_IS_DISPLAY (display)' failed
WARNING:tensorflow:From /home/bruno97br/.local/lib/python3.7/site-packages/tensorflow/python/ops/init_ops.py:1251: calling VarianceScaling.__init__ (from tensorflow.python.ops.init_ops) with dtype is deprecated and will be removed in a future version.
Instructions for updating:
Call initializer instance with the dtype argument instead of passing it to the constructor
WARNING:tensorflow:Large dropout rate: 0.6 (>0.5). In TensorFlow 2.x, dropout() uses dropout rate instead of keep_prob. Please ensure that this is intended.
2020-07-29 19:19:41.116458: I tensorflow/core/platform/cpu_feature_guard.cc:142] Your CPU supports instructions that this TensorFlow binary was not compiled to use: AVX2 FMA
2020-07-29 19:19:41.123094: I tensorflow/core/platform/profile_utils/cpu_utils.cc:94] CPU Frequency: 2200000000 Hz
2020-07-29 19:19:41.123546: I tensorflow/compiler/xla/service/service.cc:168] XLA service 0x1e7ee60 executing computations on platform Host. Devices:
2020-07-29 19:19:41.123582: I tensorflow/compiler/xla/service/service.cc:175]   StreamExecutor device (0): <undefined>, <undefined>
2020-07-29 19:19:41.165133: W tensorflow/compiler/jit/mark_for_compilation_pass.cc:1412] (One-time warning): Not using XLA:CPU for cluster because envvar TF_XLA_FLAGS=--tf_xla_cpu_global_jit was not set.  If you want XLA:CPU, either set that envvar, or use experimental_jit_scope to enable XLA:CPU.  To confirm that XLA is active, pass --vmodule=xla_compilation_cache=1 (as a proper command-line flag, not via TF_XLA_FLAGS) or set the envvar XLA_FLAGS=--xla_hlo_profile.
2020-07-29 19:19:41.374003: W tensorflow/core/framework/allocator.cc:107] Allocation of 151142400 exceeds 10% of system memory.
2020-07-29 19:19:41.562655: W tensorflow/core/framework/allocator.cc:107] Allocation of 151142400 exceeds 10% of system memory.
2020-07-29 19:19:41.726413: W tensorflow/core/framework/allocator.cc:107] Allocation of 151142400 exceeds 10% of system memory.
2020-07-29 19:19:41.890046: W tensorflow/core/framework/allocator.cc:107] Allocation of 151142400 exceeds 10% of system memory.
2020-07-29 19:19:42.055861: W tensorflow/core/framework/allocator.cc:107] Allocation of 151142400 exceeds 10% of system memory.
Unable to init server: Could not connect: Connection refused
Unable to init server: Could not connect: Connection refused

(main.py:27269): Gdk-CRITICAL **: 19:28:38.618: gdk_cursor_new_for_display: assertion 'GDK_IS_DISPLAY (display)' failed

(main.py:27269): Gdk-CRITICAL **: 19:28:38.619: gdk_cursor_new_for_display: assertion 'GDK_IS_DISPLAY (display)' failed
WARNING:tensorflow:From /home/bruno97br/.local/lib/python3.7/site-packages/tensorflow/python/ops/init_ops.py:1251: calling VarianceScaling.__init__ (from tensorflow.python.ops.init_ops) with dtype is deprecated and will be removed in a future version.
Instructions for updating:
Call initializer instance with the dtype argument instead of passing it to the constructor
WARNING:tensorflow:Large dropout rate: 0.6 (>0.5). In TensorFlow 2.x, dropout() uses dropout rate instead of keep_prob. Please ensure that this is intended.
2020-07-29 19:28:41.388023: I tensorflow/core/platform/cpu_feature_guard.cc:142] Your CPU supports instructions that this TensorFlow binary was not compiled to use: AVX2 FMA
2020-07-29 19:28:41.393163: I tensorflow/core/platform/profile_utils/cpu_utils.cc:94] CPU Frequency: 2200000000 Hz
2020-07-29 19:28:41.393435: I tensorflow/compiler/xla/service/service.cc:168] XLA service 0x2896c80 executing computations on platform Host. Devices:
2020-07-29 19:28:41.393470: I tensorflow/compiler/xla/service/service.cc:175]   StreamExecutor device (0): <undefined>, <undefined>
2020-07-29 19:28:41.434301: W tensorflow/compiler/jit/mark_for_compilation_pass.cc:1412] (One-time warning): Not using XLA:CPU for cluster because envvar TF_XLA_FLAGS=--tf_xla_cpu_global_jit was not set.  If you want XLA:CPU, either set that envvar, or use experimental_jit_scope to enable XLA:CPU.  To confirm that XLA is active, pass --vmodule=xla_compilation_cache=1 (as a proper command-line flag, not via TF_XLA_FLAGS) or set the envvar XLA_FLAGS=--xla_hlo_profile.
2020-07-29 19:28:41.639225: W tensorflow/core/framework/allocator.cc:107] Allocation of 151142400 exceeds 10% of system memory.
2020-07-29 19:28:41.826104: W tensorflow/core/framework/allocator.cc:107] Allocation of 151142400 exceeds 10% of system memory.
2020-07-29 19:28:41.990161: W tensorflow/core/framework/allocator.cc:107] Allocation of 151142400 exceeds 10% of system memory.
2020-07-29 19:28:42.155196: W tensorflow/core/framework/allocator.cc:107] Allocation of 151142400 exceeds 10% of system memory.
2020-07-29 19:28:42.321390: W tensorflow/core/framework/allocator.cc:107] Allocation of 151142400 exceeds 10% of system memory.
Unable to init server: Could not connect: Connection refused
Unable to init server: Could not connect: Connection refused

(main.py:27305): Gdk-CRITICAL **: 19:37:37.996: gdk_cursor_new_for_display: assertion 'GDK_IS_DISPLAY (display)' failed

(main.py:27305): Gdk-CRITICAL **: 19:37:37.998: gdk_cursor_new_for_display: assertion 'GDK_IS_DISPLAY (display)' failed
WARNING:tensorflow:From /home/bruno97br/.local/lib/python3.7/site-packages/tensorflow/python/ops/init_ops.py:1251: calling VarianceScaling.__init__ (from tensorflow.python.ops.init_ops) with dtype is deprecated and will be removed in a future version.
Instructions for updating:
Call initializer instance with the dtype argument instead of passing it to the constructor
WARNING:tensorflow:Large dropout rate: 0.6 (>0.5). In TensorFlow 2.x, dropout() uses dropout rate instead of keep_prob. Please ensure that this is intended.
2020-07-29 19:37:40.821601: I tensorflow/core/platform/cpu_feature_guard.cc:142] Your CPU supports instructions that this TensorFlow binary was not compiled to use: AVX2 FMA
2020-07-29 19:37:40.827195: I tensorflow/core/platform/profile_utils/cpu_utils.cc:94] CPU Frequency: 2200000000 Hz
2020-07-29 19:37:40.827560: I tensorflow/compiler/xla/service/service.cc:168] XLA service 0x2840c80 executing computations on platform Host. Devices:
2020-07-29 19:37:40.827597: I tensorflow/compiler/xla/service/service.cc:175]   StreamExecutor device (0): <undefined>, <undefined>
2020-07-29 19:37:40.867946: W tensorflow/compiler/jit/mark_for_compilation_pass.cc:1412] (One-time warning): Not using XLA:CPU for cluster because envvar TF_XLA_FLAGS=--tf_xla_cpu_global_jit was not set.  If you want XLA:CPU, either set that envvar, or use experimental_jit_scope to enable XLA:CPU.  To confirm that XLA is active, pass --vmodule=xla_compilation_cache=1 (as a proper command-line flag, not via TF_XLA_FLAGS) or set the envvar XLA_FLAGS=--xla_hlo_profile.
2020-07-29 19:37:41.071066: W tensorflow/core/framework/allocator.cc:107] Allocation of 151142400 exceeds 10% of system memory.
2020-07-29 19:37:41.263006: W tensorflow/core/framework/allocator.cc:107] Allocation of 151142400 exceeds 10% of system memory.
2020-07-29 19:37:41.431118: W tensorflow/core/framework/allocator.cc:107] Allocation of 151142400 exceeds 10% of system memory.
2020-07-29 19:37:41.596508: W tensorflow/core/framework/allocator.cc:107] Allocation of 151142400 exceeds 10% of system memory.
2020-07-29 19:37:41.759184: W tensorflow/core/framework/allocator.cc:107] Allocation of 151142400 exceeds 10% of system memory.
Unable to init server: Could not connect: Connection refused
Unable to init server: Could not connect: Connection refused

(main.py:27398): Gdk-CRITICAL **: 19:46:38.532: gdk_cursor_new_for_display: assertion 'GDK_IS_DISPLAY (display)' failed

(main.py:27398): Gdk-CRITICAL **: 19:46:38.533: gdk_cursor_new_for_display: assertion 'GDK_IS_DISPLAY (display)' failed
WARNING:tensorflow:From /home/bruno97br/.local/lib/python3.7/site-packages/tensorflow/python/ops/init_ops.py:1251: calling VarianceScaling.__init__ (from tensorflow.python.ops.init_ops) with dtype is deprecated and will be removed in a future version.
Instructions for updating:
Call initializer instance with the dtype argument instead of passing it to the constructor
WARNING:tensorflow:Large dropout rate: 0.6 (>0.5). In TensorFlow 2.x, dropout() uses dropout rate instead of keep_prob. Please ensure that this is intended.
2020-07-29 19:46:41.284074: I tensorflow/core/platform/cpu_feature_guard.cc:142] Your CPU supports instructions that this TensorFlow binary was not compiled to use: AVX2 FMA
2020-07-29 19:46:41.289592: I tensorflow/core/platform/profile_utils/cpu_utils.cc:94] CPU Frequency: 2200000000 Hz
2020-07-29 19:46:41.290050: I tensorflow/compiler/xla/service/service.cc:168] XLA service 0x1038c80 executing computations on platform Host. Devices:
2020-07-29 19:46:41.290109: I tensorflow/compiler/xla/service/service.cc:175]   StreamExecutor device (0): <undefined>, <undefined>
2020-07-29 19:46:41.335077: W tensorflow/compiler/jit/mark_for_compilation_pass.cc:1412] (One-time warning): Not using XLA:CPU for cluster because envvar TF_XLA_FLAGS=--tf_xla_cpu_global_jit was not set.  If you want XLA:CPU, either set that envvar, or use experimental_jit_scope to enable XLA:CPU.  To confirm that XLA is active, pass --vmodule=xla_compilation_cache=1 (as a proper command-line flag, not via TF_XLA_FLAGS) or set the envvar XLA_FLAGS=--xla_hlo_profile.
2020-07-29 19:46:41.540758: W tensorflow/core/framework/allocator.cc:107] Allocation of 151142400 exceeds 10% of system memory.
2020-07-29 19:46:41.730630: W tensorflow/core/framework/allocator.cc:107] Allocation of 151142400 exceeds 10% of system memory.
2020-07-29 19:46:41.894576: W tensorflow/core/framework/allocator.cc:107] Allocation of 151142400 exceeds 10% of system memory.
2020-07-29 19:46:42.058571: W tensorflow/core/framework/allocator.cc:107] Allocation of 151142400 exceeds 10% of system memory.
2020-07-29 19:46:42.223957: W tensorflow/core/framework/allocator.cc:107] Allocation of 151142400 exceeds 10% of system memory.
Unable to init server: Could not connect: Connection refused
Unable to init server: Could not connect: Connection refused

(main.py:27440): Gdk-CRITICAL **: 19:55:39.169: gdk_cursor_new_for_display: assertion 'GDK_IS_DISPLAY (display)' failed

(main.py:27440): Gdk-CRITICAL **: 19:55:39.170: gdk_cursor_new_for_display: assertion 'GDK_IS_DISPLAY (display)' failed
WARNING:tensorflow:From /home/bruno97br/.local/lib/python3.7/site-packages/tensorflow/python/ops/init_ops.py:1251: calling VarianceScaling.__init__ (from tensorflow.python.ops.init_ops) with dtype is deprecated and will be removed in a future version.
Instructions for updating:
Call initializer instance with the dtype argument instead of passing it to the constructor
WARNING:tensorflow:Large dropout rate: 0.6 (>0.5). In TensorFlow 2.x, dropout() uses dropout rate instead of keep_prob. Please ensure that this is intended.
2020-07-29 19:55:41.968909: I tensorflow/core/platform/cpu_feature_guard.cc:142] Your CPU supports instructions that this TensorFlow binary was not compiled to use: AVX2 FMA
2020-07-29 19:55:41.974560: I tensorflow/core/platform/profile_utils/cpu_utils.cc:94] CPU Frequency: 2200000000 Hz
2020-07-29 19:55:41.974893: I tensorflow/compiler/xla/service/service.cc:168] XLA service 0x22a7c80 executing computations on platform Host. Devices:
2020-07-29 19:55:41.974932: I tensorflow/compiler/xla/service/service.cc:175]   StreamExecutor device (0): <undefined>, <undefined>
2020-07-29 19:55:42.015310: W tensorflow/compiler/jit/mark_for_compilation_pass.cc:1412] (One-time warning): Not using XLA:CPU for cluster because envvar TF_XLA_FLAGS=--tf_xla_cpu_global_jit was not set.  If you want XLA:CPU, either set that envvar, or use experimental_jit_scope to enable XLA:CPU.  To confirm that XLA is active, pass --vmodule=xla_compilation_cache=1 (as a proper command-line flag, not via TF_XLA_FLAGS) or set the envvar XLA_FLAGS=--xla_hlo_profile.
2020-07-29 19:55:42.224956: W tensorflow/core/framework/allocator.cc:107] Allocation of 151142400 exceeds 10% of system memory.
2020-07-29 19:55:42.413695: W tensorflow/core/framework/allocator.cc:107] Allocation of 151142400 exceeds 10% of system memory.
2020-07-29 19:55:42.578930: W tensorflow/core/framework/allocator.cc:107] Allocation of 151142400 exceeds 10% of system memory.
2020-07-29 19:55:42.748757: W tensorflow/core/framework/allocator.cc:107] Allocation of 151142400 exceeds 10% of system memory.
2020-07-29 19:55:42.911637: W tensorflow/core/framework/allocator.cc:107] Allocation of 151142400 exceeds 10% of system memory.
Unable to init server: Could not connect: Connection refused
Unable to init server: Could not connect: Connection refused

(main.py:27540): Gdk-CRITICAL **: 20:04:40.107: gdk_cursor_new_for_display: assertion 'GDK_IS_DISPLAY (display)' failed

(main.py:27540): Gdk-CRITICAL **: 20:04:40.108: gdk_cursor_new_for_display: assertion 'GDK_IS_DISPLAY (display)' failed
WARNING:tensorflow:From /home/bruno97br/.local/lib/python3.7/site-packages/tensorflow/python/ops/init_ops.py:1251: calling VarianceScaling.__init__ (from tensorflow.python.ops.init_ops) with dtype is deprecated and will be removed in a future version.
Instructions for updating:
Call initializer instance with the dtype argument instead of passing it to the constructor
WARNING:tensorflow:Large dropout rate: 0.6 (>0.5). In TensorFlow 2.x, dropout() uses dropout rate instead of keep_prob. Please ensure that this is intended.
2020-07-29 20:04:43.424745: I tensorflow/core/platform/cpu_feature_guard.cc:142] Your CPU supports instructions that this TensorFlow binary was not compiled to use: AVX2 FMA
2020-07-29 20:04:43.429954: I tensorflow/core/platform/profile_utils/cpu_utils.cc:94] CPU Frequency: 2200000000 Hz
2020-07-29 20:04:43.430248: I tensorflow/compiler/xla/service/service.cc:168] XLA service 0x1bd9c80 executing computations on platform Host. Devices:
2020-07-29 20:04:43.430283: I tensorflow/compiler/xla/service/service.cc:175]   StreamExecutor device (0): <undefined>, <undefined>
2020-07-29 20:04:43.471136: W tensorflow/compiler/jit/mark_for_compilation_pass.cc:1412] (One-time warning): Not using XLA:CPU for cluster because envvar TF_XLA_FLAGS=--tf_xla_cpu_global_jit was not set.  If you want XLA:CPU, either set that envvar, or use experimental_jit_scope to enable XLA:CPU.  To confirm that XLA is active, pass --vmodule=xla_compilation_cache=1 (as a proper command-line flag, not via TF_XLA_FLAGS) or set the envvar XLA_FLAGS=--xla_hlo_profile.
2020-07-29 20:04:43.677381: W tensorflow/core/framework/allocator.cc:107] Allocation of 151142400 exceeds 10% of system memory.
2020-07-29 20:04:43.866581: W tensorflow/core/framework/allocator.cc:107] Allocation of 151142400 exceeds 10% of system memory.
2020-07-29 20:04:44.031449: W tensorflow/core/framework/allocator.cc:107] Allocation of 151142400 exceeds 10% of system memory.
2020-07-29 20:04:44.196812: W tensorflow/core/framework/allocator.cc:107] Allocation of 151142400 exceeds 10% of system memory.
2020-07-29 20:04:44.362434: W tensorflow/core/framework/allocator.cc:107] Allocation of 151142400 exceeds 10% of system memory.
Unable to init server: Could not connect: Connection refused
Unable to init server: Could not connect: Connection refused

(main.py:27588): Gdk-CRITICAL **: 20:13:40.259: gdk_cursor_new_for_display: assertion 'GDK_IS_DISPLAY (display)' failed

(main.py:27588): Gdk-CRITICAL **: 20:13:40.260: gdk_cursor_new_for_display: assertion 'GDK_IS_DISPLAY (display)' failed
WARNING:tensorflow:From /home/bruno97br/.local/lib/python3.7/site-packages/tensorflow/python/ops/init_ops.py:1251: calling VarianceScaling.__init__ (from tensorflow.python.ops.init_ops) with dtype is deprecated and will be removed in a future version.
Instructions for updating:
Call initializer instance with the dtype argument instead of passing it to the constructor
WARNING:tensorflow:Large dropout rate: 0.6 (>0.5). In TensorFlow 2.x, dropout() uses dropout rate instead of keep_prob. Please ensure that this is intended.
2020-07-29 20:13:43.088512: I tensorflow/core/platform/cpu_feature_guard.cc:142] Your CPU supports instructions that this TensorFlow binary was not compiled to use: AVX2 FMA
2020-07-29 20:13:43.093934: I tensorflow/core/platform/profile_utils/cpu_utils.cc:94] CPU Frequency: 2200000000 Hz
2020-07-29 20:13:43.094411: I tensorflow/compiler/xla/service/service.cc:168] XLA service 0xe4ac80 executing computations on platform Host. Devices:
2020-07-29 20:13:43.094457: I tensorflow/compiler/xla/service/service.cc:175]   StreamExecutor device (0): <undefined>, <undefined>
2020-07-29 20:13:43.137202: W tensorflow/compiler/jit/mark_for_compilation_pass.cc:1412] (One-time warning): Not using XLA:CPU for cluster because envvar TF_XLA_FLAGS=--tf_xla_cpu_global_jit was not set.  If you want XLA:CPU, either set that envvar, or use experimental_jit_scope to enable XLA:CPU.  To confirm that XLA is active, pass --vmodule=xla_compilation_cache=1 (as a proper command-line flag, not via TF_XLA_FLAGS) or set the envvar XLA_FLAGS=--xla_hlo_profile.
2020-07-29 20:13:43.349880: W tensorflow/core/framework/allocator.cc:107] Allocation of 151142400 exceeds 10% of system memory.
2020-07-29 20:13:43.540329: W tensorflow/core/framework/allocator.cc:107] Allocation of 151142400 exceeds 10% of system memory.
2020-07-29 20:13:43.705389: W tensorflow/core/framework/allocator.cc:107] Allocation of 151142400 exceeds 10% of system memory.
2020-07-29 20:13:43.868179: W tensorflow/core/framework/allocator.cc:107] Allocation of 151142400 exceeds 10% of system memory.
2020-07-29 20:13:44.031551: W tensorflow/core/framework/allocator.cc:107] Allocation of 151142400 exceeds 10% of system memory.
Unable to init server: Could not connect: Connection refused
Unable to init server: Could not connect: Connection refused

(main.py:27639): Gdk-CRITICAL **: 20:22:40.750: gdk_cursor_new_for_display: assertion 'GDK_IS_DISPLAY (display)' failed

(main.py:27639): Gdk-CRITICAL **: 20:22:40.751: gdk_cursor_new_for_display: assertion 'GDK_IS_DISPLAY (display)' failed
WARNING:tensorflow:From /home/bruno97br/.local/lib/python3.7/site-packages/tensorflow/python/ops/init_ops.py:1251: calling VarianceScaling.__init__ (from tensorflow.python.ops.init_ops) with dtype is deprecated and will be removed in a future version.
Instructions for updating:
Call initializer instance with the dtype argument instead of passing it to the constructor
WARNING:tensorflow:Large dropout rate: 0.6 (>0.5). In TensorFlow 2.x, dropout() uses dropout rate instead of keep_prob. Please ensure that this is intended.
2020-07-29 20:22:43.515395: I tensorflow/core/platform/cpu_feature_guard.cc:142] Your CPU supports instructions that this TensorFlow binary was not compiled to use: AVX2 FMA
2020-07-29 20:22:43.520714: I tensorflow/core/platform/profile_utils/cpu_utils.cc:94] CPU Frequency: 2200000000 Hz
2020-07-29 20:22:43.521471: I tensorflow/compiler/xla/service/service.cc:168] XLA service 0x1f25c80 executing computations on platform Host. Devices:
2020-07-29 20:22:43.521507: I tensorflow/compiler/xla/service/service.cc:175]   StreamExecutor device (0): <undefined>, <undefined>
2020-07-29 20:22:43.561048: W tensorflow/compiler/jit/mark_for_compilation_pass.cc:1412] (One-time warning): Not using XLA:CPU for cluster because envvar TF_XLA_FLAGS=--tf_xla_cpu_global_jit was not set.  If you want XLA:CPU, either set that envvar, or use experimental_jit_scope to enable XLA:CPU.  To confirm that XLA is active, pass --vmodule=xla_compilation_cache=1 (as a proper command-line flag, not via TF_XLA_FLAGS) or set the envvar XLA_FLAGS=--xla_hlo_profile.
2020-07-29 20:22:43.765911: W tensorflow/core/framework/allocator.cc:107] Allocation of 151142400 exceeds 10% of system memory.
2020-07-29 20:22:43.955501: W tensorflow/core/framework/allocator.cc:107] Allocation of 151142400 exceeds 10% of system memory.
2020-07-29 20:22:44.119848: W tensorflow/core/framework/allocator.cc:107] Allocation of 151142400 exceeds 10% of system memory.
2020-07-29 20:22:44.285782: W tensorflow/core/framework/allocator.cc:107] Allocation of 151142400 exceeds 10% of system memory.
2020-07-29 20:22:44.451524: W tensorflow/core/framework/allocator.cc:107] Allocation of 151142400 exceeds 10% of system memory.
Unable to init server: Could not connect: Connection refused
Unable to init server: Could not connect: Connection refused

(main.py:27739): Gdk-CRITICAL **: 20:31:42.102: gdk_cursor_new_for_display: assertion 'GDK_IS_DISPLAY (display)' failed

(main.py:27739): Gdk-CRITICAL **: 20:31:42.103: gdk_cursor_new_for_display: assertion 'GDK_IS_DISPLAY (display)' failed
WARNING:tensorflow:From /home/bruno97br/.local/lib/python3.7/site-packages/tensorflow/python/ops/init_ops.py:1251: calling VarianceScaling.__init__ (from tensorflow.python.ops.init_ops) with dtype is deprecated and will be removed in a future version.
Instructions for updating:
Call initializer instance with the dtype argument instead of passing it to the constructor
WARNING:tensorflow:Large dropout rate: 0.6 (>0.5). In TensorFlow 2.x, dropout() uses dropout rate instead of keep_prob. Please ensure that this is intended.
2020-07-29 20:31:45.481978: I tensorflow/core/platform/cpu_feature_guard.cc:142] Your CPU supports instructions that this TensorFlow binary was not compiled to use: AVX2 FMA
2020-07-29 20:31:45.488183: I tensorflow/core/platform/profile_utils/cpu_utils.cc:94] CPU Frequency: 2200000000 Hz
2020-07-29 20:31:45.488529: I tensorflow/compiler/xla/service/service.cc:168] XLA service 0x12d3c80 executing computations on platform Host. Devices:
2020-07-29 20:31:45.488567: I tensorflow/compiler/xla/service/service.cc:175]   StreamExecutor device (0): <undefined>, <undefined>
2020-07-29 20:31:45.529345: W tensorflow/compiler/jit/mark_for_compilation_pass.cc:1412] (One-time warning): Not using XLA:CPU for cluster because envvar TF_XLA_FLAGS=--tf_xla_cpu_global_jit was not set.  If you want XLA:CPU, either set that envvar, or use experimental_jit_scope to enable XLA:CPU.  To confirm that XLA is active, pass --vmodule=xla_compilation_cache=1 (as a proper command-line flag, not via TF_XLA_FLAGS) or set the envvar XLA_FLAGS=--xla_hlo_profile.
2020-07-29 20:31:45.736233: W tensorflow/core/framework/allocator.cc:107] Allocation of 151142400 exceeds 10% of system memory.
2020-07-29 20:31:45.931667: W tensorflow/core/framework/allocator.cc:107] Allocation of 151142400 exceeds 10% of system memory.
2020-07-29 20:31:46.100007: W tensorflow/core/framework/allocator.cc:107] Allocation of 151142400 exceeds 10% of system memory.
2020-07-29 20:31:46.265972: W tensorflow/core/framework/allocator.cc:107] Allocation of 151142400 exceeds 10% of system memory.
2020-07-29 20:31:46.430995: W tensorflow/core/framework/allocator.cc:107] Allocation of 151142400 exceeds 10% of system memory.
Unable to init server: Could not connect: Connection refused
Unable to init server: Could not connect: Connection refused

(main.py:27785): Gdk-CRITICAL **: 20:40:46.158: gdk_cursor_new_for_display: assertion 'GDK_IS_DISPLAY (display)' failed

(main.py:27785): Gdk-CRITICAL **: 20:40:46.159: gdk_cursor_new_for_display: assertion 'GDK_IS_DISPLAY (display)' failed
WARNING:tensorflow:From /home/bruno97br/.local/lib/python3.7/site-packages/tensorflow/python/ops/init_ops.py:1251: calling VarianceScaling.__init__ (from tensorflow.python.ops.init_ops) with dtype is deprecated and will be removed in a future version.
Instructions for updating:
Call initializer instance with the dtype argument instead of passing it to the constructor
WARNING:tensorflow:Large dropout rate: 0.6 (>0.5). In TensorFlow 2.x, dropout() uses dropout rate instead of keep_prob. Please ensure that this is intended.
2020-07-29 20:40:48.916536: I tensorflow/core/platform/cpu_feature_guard.cc:142] Your CPU supports instructions that this TensorFlow binary was not compiled to use: AVX2 FMA
2020-07-29 20:40:48.922179: I tensorflow/core/platform/profile_utils/cpu_utils.cc:94] CPU Frequency: 2200000000 Hz
2020-07-29 20:40:48.922515: I tensorflow/compiler/xla/service/service.cc:168] XLA service 0x32985b0 executing computations on platform Host. Devices:
2020-07-29 20:40:48.922551: I tensorflow/compiler/xla/service/service.cc:175]   StreamExecutor device (0): <undefined>, <undefined>
2020-07-29 20:40:48.962667: W tensorflow/compiler/jit/mark_for_compilation_pass.cc:1412] (One-time warning): Not using XLA:CPU for cluster because envvar TF_XLA_FLAGS=--tf_xla_cpu_global_jit was not set.  If you want XLA:CPU, either set that envvar, or use experimental_jit_scope to enable XLA:CPU.  To confirm that XLA is active, pass --vmodule=xla_compilation_cache=1 (as a proper command-line flag, not via TF_XLA_FLAGS) or set the envvar XLA_FLAGS=--xla_hlo_profile.
2020-07-29 20:40:49.167279: W tensorflow/core/framework/allocator.cc:107] Allocation of 151142400 exceeds 10% of system memory.
2020-07-29 20:40:49.358046: W tensorflow/core/framework/allocator.cc:107] Allocation of 151142400 exceeds 10% of system memory.
2020-07-29 20:40:49.524044: W tensorflow/core/framework/allocator.cc:107] Allocation of 151142400 exceeds 10% of system memory.
2020-07-29 20:40:49.689123: W tensorflow/core/framework/allocator.cc:107] Allocation of 151142400 exceeds 10% of system memory.
2020-07-29 20:40:49.853882: W tensorflow/core/framework/allocator.cc:107] Allocation of 151142400 exceeds 10% of system memory.
Unable to init server: Could not connect: Connection refused
Unable to init server: Could not connect: Connection refused

(main.py:27833): Gdk-CRITICAL **: 20:49:47.025: gdk_cursor_new_for_display: assertion 'GDK_IS_DISPLAY (display)' failed

(main.py:27833): Gdk-CRITICAL **: 20:49:47.026: gdk_cursor_new_for_display: assertion 'GDK_IS_DISPLAY (display)' failed
WARNING:tensorflow:From /home/bruno97br/.local/lib/python3.7/site-packages/tensorflow/python/ops/init_ops.py:1251: calling VarianceScaling.__init__ (from tensorflow.python.ops.init_ops) with dtype is deprecated and will be removed in a future version.
Instructions for updating:
Call initializer instance with the dtype argument instead of passing it to the constructor
WARNING:tensorflow:Large dropout rate: 0.6 (>0.5). In TensorFlow 2.x, dropout() uses dropout rate instead of keep_prob. Please ensure that this is intended.
2020-07-29 20:49:49.797314: I tensorflow/core/platform/cpu_feature_guard.cc:142] Your CPU supports instructions that this TensorFlow binary was not compiled to use: AVX2 FMA
2020-07-29 20:49:49.802644: I tensorflow/core/platform/profile_utils/cpu_utils.cc:94] CPU Frequency: 2200000000 Hz
2020-07-29 20:49:49.803929: I tensorflow/compiler/xla/service/service.cc:168] XLA service 0x187fc80 executing computations on platform Host. Devices:
2020-07-29 20:49:49.803967: I tensorflow/compiler/xla/service/service.cc:175]   StreamExecutor device (0): <undefined>, <undefined>
2020-07-29 20:49:49.844513: W tensorflow/compiler/jit/mark_for_compilation_pass.cc:1412] (One-time warning): Not using XLA:CPU for cluster because envvar TF_XLA_FLAGS=--tf_xla_cpu_global_jit was not set.  If you want XLA:CPU, either set that envvar, or use experimental_jit_scope to enable XLA:CPU.  To confirm that XLA is active, pass --vmodule=xla_compilation_cache=1 (as a proper command-line flag, not via TF_XLA_FLAGS) or set the envvar XLA_FLAGS=--xla_hlo_profile.
2020-07-29 20:49:50.047817: W tensorflow/core/framework/allocator.cc:107] Allocation of 151142400 exceeds 10% of system memory.
2020-07-29 20:49:50.244756: W tensorflow/core/framework/allocator.cc:107] Allocation of 151142400 exceeds 10% of system memory.
2020-07-29 20:49:50.411164: W tensorflow/core/framework/allocator.cc:107] Allocation of 151142400 exceeds 10% of system memory.
2020-07-29 20:49:50.577725: W tensorflow/core/framework/allocator.cc:107] Allocation of 151142400 exceeds 10% of system memory.
2020-07-29 20:49:50.743138: W tensorflow/core/framework/allocator.cc:107] Allocation of 151142400 exceeds 10% of system memory.
Traceback (most recent call last):
  File "./main.py", line 256, in <module>
    epochs=400)
  File "./main.py", line 231, in main
    batch_size=batch_size, verbose=modelVerbose)
  File "/home/bruno97br/.local/lib/python3.7/site-packages/tensorflow/python/keras/engine/training.py", line 780, in fit
    steps_name='steps_per_epoch')
  File "/home/bruno97br/.local/lib/python3.7/site-packages/tensorflow/python/keras/engine/training_arrays.py", line 344, in model_iteration
    ins_batch = slice_arrays(ins[:-1], batch_ids) + [ins[-1]]
  File "/home/bruno97br/.local/lib/python3.7/site-packages/tensorflow/python/keras/utils/generic_utils.py", line 531, in slice_arrays
    return [None if x is None else x[start] for x in arrays]
  File "/home/bruno97br/.local/lib/python3.7/site-packages/tensorflow/python/keras/utils/generic_utils.py", line 531, in <listcomp>
    return [None if x is None else x[start] for x in arrays]
KeyboardInterrupt
Unable to init server: Could not connect: Connection refused
Unable to init server: Could not connect: Connection refused

(main.py:27876): Gdk-CRITICAL **: 20:52:41.982: gdk_cursor_new_for_display: assertion 'GDK_IS_DISPLAY (display)' failed

(main.py:27876): Gdk-CRITICAL **: 20:52:41.983: gdk_cursor_new_for_display: assertion 'GDK_IS_DISPLAY (display)' failed
WARNING:tensorflow:From /home/bruno97br/.local/lib/python3.7/site-packages/tensorflow/python/ops/init_ops.py:1251: calling VarianceScaling.__init__ (from tensorflow.python.ops.init_ops) with dtype is deprecated and will be removed in a future version.
Instructions for updating:
Call initializer instance with the dtype argument instead of passing it to the constructor
WARNING:tensorflow:Large dropout rate: 0.6 (>0.5). In TensorFlow 2.x, dropout() uses dropout rate instead of keep_prob. Please ensure that this is intended.
2020-07-29 20:52:44.740260: I tensorflow/core/platform/cpu_feature_guard.cc:142] Your CPU supports instructions that this TensorFlow binary was not compiled to use: AVX2 FMA
2020-07-29 20:52:44.745221: I tensorflow/core/platform/profile_utils/cpu_utils.cc:94] CPU Frequency: 2200000000 Hz
2020-07-29 20:52:44.745526: I tensorflow/compiler/xla/service/service.cc:168] XLA service 0x2749700 executing computations on platform Host. Devices:
2020-07-29 20:52:44.745557: I tensorflow/compiler/xla/service/service.cc:175]   StreamExecutor device (0): <undefined>, <undefined>
2020-07-29 20:52:44.786681: W tensorflow/compiler/jit/mark_for_compilation_pass.cc:1412] (One-time warning): Not using XLA:CPU for cluster because envvar TF_XLA_FLAGS=--tf_xla_cpu_global_jit was not set.  If you want XLA:CPU, either set that envvar, or use experimental_jit_scope to enable XLA:CPU.  To confirm that XLA is active, pass --vmodule=xla_compilation_cache=1 (as a proper command-line flag, not via TF_XLA_FLAGS) or set the envvar XLA_FLAGS=--xla_hlo_profile.
2020-07-29 20:52:44.993189: W tensorflow/core/framework/allocator.cc:107] Allocation of 151142400 exceeds 10% of system memory.
2020-07-29 20:52:45.184331: W tensorflow/core/framework/allocator.cc:107] Allocation of 151142400 exceeds 10% of system memory.
2020-07-29 20:52:45.351459: W tensorflow/core/framework/allocator.cc:107] Allocation of 151142400 exceeds 10% of system memory.
2020-07-29 20:52:45.516376: W tensorflow/core/framework/allocator.cc:107] Allocation of 151142400 exceeds 10% of system memory.
2020-07-29 20:52:45.680683: W tensorflow/core/framework/allocator.cc:107] Allocation of 151142400 exceeds 10% of system memory.
Traceback (most recent call last):
  File "./main.py", line 256, in <module>
    epochs=400)
  File "./main.py", line 231, in main
    batch_size=batch_size, verbose=modelVerbose)
  File "/home/bruno97br/.local/lib/python3.7/site-packages/tensorflow/python/keras/engine/training.py", line 780, in fit
    steps_name='steps_per_epoch')
  File "/home/bruno97br/.local/lib/python3.7/site-packages/tensorflow/python/keras/engine/training_arrays.py", line 409, in model_iteration
    steps_name='validation_steps')
  File "/home/bruno97br/.local/lib/python3.7/site-packages/tensorflow/python/keras/engine/training_arrays.py", line 363, in model_iteration
    batch_outs = f(ins_batch)
  File "/home/bruno97br/.local/lib/python3.7/site-packages/tensorflow/python/keras/backend.py", line 3292, in __call__
    run_metadata=self.run_metadata)
  File "/home/bruno97br/.local/lib/python3.7/site-packages/tensorflow/python/client/session.py", line 1458, in __call__
    run_metadata_ptr)
KeyboardInterrupt
